<?xml version="1.0" encoding="UTF-8"?>
<!-- Generated by org.testng.reporters.JUnitReportReporter -->
<testsuite hostname="Adeyemis-MBP" name="koboPackages.signUp" tests="1" failures="0" timestamp="15 Jan 2021 11:15:04 GMT" time="36.549" errors="0">
  <testcase name="signUpStart" time="36.549" classname="koboPackages.signUp"/>
</testsuite> <!-- koboPackages.signUp -->
