<?xml version="1.0" encoding="UTF-8"?>
<!-- Generated by org.testng.reporters.JUnitReportReporter -->
<testsuite hostname="Adeyemis-MBP" name="koboPackages.ControlDashboard" tests="1" failures="0" timestamp="14 Jan 2021 17:10:25 GMT" time="33.055" errors="0">
  <testcase name="AcreateTruckRequest" time="33.055" classname="koboPackages.ControlDashboard"/>
</testsuite> <!-- koboPackages.ControlDashboard -->
